01.04.2018 12:46:31 [INFO] Обновление списка неиспользуемых для ввода и вывода монет для маркета binance успешно ["NANO"]
01.04.2018 12:46:45 [INFO] Успешная запись в базу 
01.04.2018 12:46:45 [INFO] Первичная загрузка данных с binance успешна
01.04.2018 12:46:57 [INFO] Успешная запись в базу 
01.04.2018 12:47:09 [INFO] Успешная запись в базу 
01.04.2018 12:47:21 [INFO] Успешная запись в базу 
01.04.2018 12:47:33 [INFO] Успешная запись в базу 
01.04.2018 12:47:45 [INFO] Успешная запись в базу 
01.04.2018 12:47:58 [INFO] Успешная запись в базу 
01.04.2018 12:48:10 [INFO] Успешная запись в базу 
01.04.2018 12:48:22 [INFO] Успешная запись в базу 
01.04.2018 12:48:34 [INFO] Успешная запись в базу 
01.04.2018 12:48:46 [INFO] Успешная запись в базу 
01.04.2018 12:48:58 [INFO] Успешная запись в базу 
01.04.2018 12:49:10 [INFO] Успешная запись в базу 
01.04.2018 12:49:23 [INFO] Успешная запись в базу 
01.04.2018 12:49:35 [INFO] Успешная запись в базу 
01.04.2018 12:49:48 [INFO] Успешная запись в базу 
01.04.2018 12:50:00 [INFO] Успешная запись в базу 
01.04.2018 12:50:12 [INFO] Успешная запись в базу 
01.04.2018 12:50:24 [INFO] Успешная запись в базу 
01.04.2018 12:50:36 [INFO] Успешная запись в базу 
01.04.2018 12:50:49 [INFO] Успешная запись в базу 
01.04.2018 12:51:01 [INFO] Успешная запись в базу 
01.04.2018 12:51:13 [INFO] Успешная запись в базу 
01.04.2018 12:51:25 [INFO] Успешная запись в базу 
01.04.2018 12:51:38 [INFO] Успешная запись в базу 
01.04.2018 12:51:50 [INFO] Успешная запись в базу 
01.04.2018 12:52:02 [INFO] Успешная запись в базу 
01.04.2018 12:52:15 [INFO] Успешная запись в базу 
01.04.2018 12:52:27 [INFO] Успешная запись в базу 
01.04.2018 12:52:39 [INFO] Успешная запись в базу 
01.04.2018 12:52:51 [INFO] Успешная запись в базу 
01.04.2018 12:53:04 [INFO] Успешная запись в базу 
01.04.2018 12:53:16 [INFO] Успешная запись в базу 
01.04.2018 12:53:29 [INFO] Успешная запись в базу 
01.04.2018 12:53:41 [INFO] Успешная запись в базу 
01.04.2018 12:53:54 [INFO] Успешная запись в базу 
01.04.2018 12:54:07 [INFO] Успешная запись в базу 
01.04.2018 12:54:20 [INFO] Успешная запись в базу 
01.04.2018 12:54:32 [INFO] Успешная запись в базу 
01.04.2018 12:54:45 [INFO] Успешная запись в базу 
01.04.2018 12:54:57 [INFO] Успешная запись в базу 
01.04.2018 12:55:10 [INFO] Успешная запись в базу 
01.04.2018 12:55:23 [INFO] Успешная запись в базу 
01.04.2018 12:55:35 [INFO] Успешная запись в базу 
01.04.2018 12:55:49 [INFO] Успешная запись в базу 
01.04.2018 12:56:02 [INFO] Успешная запись в базу 
01.04.2018 12:56:14 [INFO] Успешная запись в базу 
01.04.2018 12:56:27 [INFO] Успешная запись в базу 
01.04.2018 12:56:40 [INFO] Успешная запись в базу 
01.04.2018 12:56:52 [INFO] Успешная запись в базу 
01.04.2018 12:57:05 [INFO] Успешная запись в базу 
01.04.2018 12:57:18 [INFO] Успешная запись в базу 
01.04.2018 12:57:30 [INFO] Успешная запись в базу 
01.04.2018 12:57:43 [INFO] Успешная запись в базу 
01.04.2018 12:57:56 [INFO] Успешная запись в базу 
01.04.2018 12:58:08 [INFO] Успешная запись в базу 
01.04.2018 12:58:21 [INFO] Успешная запись в базу 
01.04.2018 12:58:34 [INFO] Успешная запись в базу 
01.04.2018 12:58:47 [INFO] Успешная запись в базу 
01.04.2018 12:58:59 [INFO] Успешная запись в базу 
01.04.2018 12:59:12 [INFO] Успешная запись в базу 
01.04.2018 12:59:25 [INFO] Успешная запись в базу 
01.04.2018 12:59:37 [INFO] Успешная запись в базу 
01.04.2018 12:59:50 [INFO] Успешная запись в базу 
01.04.2018 13:00:02 [INFO] Успешная запись в базу 
01.04.2018 13:00:15 [INFO] Успешная запись в базу 
01.04.2018 13:00:27 [INFO] Успешная запись в базу 
01.04.2018 13:00:39 [INFO] Успешная запись в базу 
01.04.2018 13:00:51 [INFO] Успешная запись в базу 
01.04.2018 13:01:04 [INFO] Успешная запись в базу 
01.04.2018 13:01:16 [INFO] Успешная запись в базу 
01.04.2018 13:01:29 [INFO] Успешная запись в базу 
01.04.2018 13:01:41 [INFO] Успешная запись в базу 
01.04.2018 13:01:54 [INFO] Успешная запись в базу 
01.04.2018 13:02:06 [INFO] Успешная запись в базу 
01.04.2018 13:02:18 [INFO] Успешная запись в базу 
01.04.2018 13:02:31 [INFO] Успешная запись в базу 
01.04.2018 13:02:43 [INFO] Успешная запись в базу 
01.04.2018 13:02:55 [INFO] Успешная запись в базу 
01.04.2018 13:03:07 [INFO] Успешная запись в базу 
01.04.2018 13:03:19 [INFO] Успешная запись в базу 
01.04.2018 13:03:32 [INFO] Успешная запись в базу 
01.04.2018 13:03:44 [INFO] Успешная запись в базу 
01.04.2018 13:03:57 [INFO] Успешная запись в базу 
01.04.2018 13:04:10 [INFO] Успешная запись в базу 
01.04.2018 13:04:22 [INFO] Успешная запись в базу 
01.04.2018 13:04:34 [INFO] Успешная запись в базу 
01.04.2018 13:04:47 [INFO] Успешная запись в базу 
01.04.2018 13:04:59 [INFO] Успешная запись в базу 
01.04.2018 13:05:11 [INFO] Успешная запись в базу 
01.04.2018 13:05:24 [INFO] Успешная запись в базу 
01.04.2018 13:05:36 [INFO] Успешная запись в базу 
01.04.2018 13:05:49 [INFO] Успешная запись в базу 
01.04.2018 13:06:02 [INFO] Успешная запись в базу 
01.04.2018 13:06:14 [INFO] Успешная запись в базу 
01.04.2018 13:06:27 [INFO] Успешная запись в базу 
01.04.2018 13:06:39 [INFO] Успешная запись в базу 
01.04.2018 13:06:53 [INFO] Успешная запись в базу 
01.04.2018 13:07:05 [INFO] Успешная запись в базу 
01.04.2018 13:07:17 [INFO] Успешная запись в базу 
01.04.2018 13:07:30 [INFO] Успешная запись в базу 
01.04.2018 13:07:42 [INFO] Успешная запись в базу 
01.04.2018 13:07:54 [INFO] Успешная запись в базу 
01.04.2018 13:08:06 [INFO] Успешная запись в базу 
01.04.2018 13:08:19 [INFO] Успешная запись в базу 
01.04.2018 13:08:32 [INFO] Успешная запись в базу 
01.04.2018 13:08:44 [INFO] Успешная запись в базу 
01.04.2018 13:08:56 [INFO] Успешная запись в базу 
01.04.2018 13:09:09 [INFO] Успешная запись в базу 
01.04.2018 13:09:21 [INFO] Успешная запись в базу 
01.04.2018 13:09:33 [INFO] Успешная запись в базу 
01.04.2018 13:09:45 [INFO] Успешная запись в базу 
01.04.2018 13:09:59 [INFO] Успешная запись в базу 
01.04.2018 13:10:11 [INFO] Успешная запись в базу 
01.04.2018 13:10:24 [INFO] Успешная запись в базу 
01.04.2018 13:10:36 [INFO] Успешная запись в базу 
01.04.2018 13:10:48 [INFO] Успешная запись в базу 
01.04.2018 13:11:01 [INFO] Успешная запись в базу 
01.04.2018 13:11:14 [INFO] Успешная запись в базу 
01.04.2018 13:11:26 [INFO] Успешная запись в базу 
01.04.2018 13:11:39 [INFO] Успешная запись в базу 
01.04.2018 13:11:51 [INFO] Успешная запись в базу 
01.04.2018 13:12:04 [INFO] Успешная запись в базу 
01.04.2018 13:12:16 [INFO] Успешная запись в базу 
01.04.2018 13:12:29 [INFO] Успешная запись в базу 
01.04.2018 13:12:41 [INFO] Успешная запись в базу 
01.04.2018 13:12:54 [INFO] Успешная запись в базу 
01.04.2018 13:13:06 [INFO] Успешная запись в базу 
01.04.2018 13:13:19 [INFO] Успешная запись в базу 
01.04.2018 13:13:32 [INFO] Успешная запись в базу 
01.04.2018 13:13:44 [INFO] Успешная запись в базу 
01.04.2018 13:13:57 [INFO] Успешная запись в базу 
01.04.2018 13:14:09 [INFO] Успешная запись в базу 
01.04.2018 13:14:21 [INFO] Успешная запись в базу 
01.04.2018 13:14:34 [INFO] Успешная запись в базу 
01.04.2018 13:14:47 [INFO] Успешная запись в базу 
01.04.2018 13:14:59 [INFO] Успешная запись в базу 
01.04.2018 13:15:12 [INFO] Успешная запись в базу 
01.04.2018 13:15:25 [INFO] Успешная запись в базу 
01.04.2018 13:15:38 [INFO] Успешная запись в базу 
01.04.2018 13:15:51 [INFO] Успешная запись в базу 
01.04.2018 13:16:04 [INFO] Успешная запись в базу 
01.04.2018 13:16:17 [INFO] Успешная запись в базу 
01.04.2018 13:16:31 [INFO] Успешная запись в базу 
01.04.2018 13:16:44 [INFO] Успешная запись в базу 
01.04.2018 13:16:57 [INFO] Успешная запись в базу 
01.04.2018 13:17:10 [INFO] Успешная запись в базу 
01.04.2018 13:17:23 [INFO] Успешная запись в базу 
01.04.2018 13:17:36 [INFO] Успешная запись в базу 
01.04.2018 13:17:49 [INFO] Успешная запись в базу 
01.04.2018 13:18:02 [INFO] Успешная запись в базу 
01.04.2018 13:18:15 [INFO] Успешная запись в базу 
01.04.2018 13:18:28 [INFO] Успешная запись в базу 
01.04.2018 13:18:41 [INFO] Успешная запись в базу 
01.04.2018 13:18:54 [INFO] Успешная запись в базу 
01.04.2018 13:19:07 [INFO] Успешная запись в базу 
01.04.2018 13:19:20 [INFO] Успешная запись в базу 
01.04.2018 13:19:33 [INFO] Успешная запись в базу 
01.04.2018 13:19:46 [INFO] Успешная запись в базу 
01.04.2018 13:19:58 [INFO] Успешная запись в базу 
01.04.2018 13:20:11 [INFO] Успешная запись в базу 
01.04.2018 13:20:23 [INFO] Успешная запись в базу 
01.04.2018 13:20:36 [INFO] Успешная запись в базу 
01.04.2018 13:20:50 [INFO] Успешная запись в базу 
01.04.2018 13:21:03 [INFO] Успешная запись в базу 
01.04.2018 13:21:15 [INFO] Успешная запись в базу 
01.04.2018 13:21:28 [INFO] Успешная запись в базу 
01.04.2018 13:21:41 [INFO] Успешная запись в базу 
01.04.2018 13:21:54 [INFO] Успешная запись в базу 
01.04.2018 13:22:06 [INFO] Успешная запись в базу 
01.04.2018 13:22:19 [INFO] Успешная запись в базу 
01.04.2018 13:22:32 [INFO] Успешная запись в базу 
01.04.2018 13:22:45 [INFO] Успешная запись в базу 
01.04.2018 13:22:57 [INFO] Успешная запись в базу 
01.04.2018 13:23:11 [INFO] Успешная запись в базу 
01.04.2018 13:23:23 [INFO] Успешная запись в базу 
01.04.2018 13:23:35 [INFO] Успешная запись в базу 
01.04.2018 13:23:48 [INFO] Успешная запись в базу 
01.04.2018 13:24:00 [INFO] Успешная запись в базу 
01.04.2018 13:24:13 [INFO] Успешная запись в базу 
01.04.2018 13:24:25 [INFO] Успешная запись в базу 
01.04.2018 13:24:38 [INFO] Успешная запись в базу 
01.04.2018 13:24:50 [INFO] Успешная запись в базу 
01.04.2018 13:25:03 [INFO] Успешная запись в базу 
01.04.2018 13:25:16 [INFO] Успешная запись в базу 
01.04.2018 13:25:29 [INFO] Успешная запись в базу 
01.04.2018 13:25:41 [INFO] Успешная запись в базу 
01.04.2018 13:25:54 [INFO] Успешная запись в базу 
01.04.2018 13:26:06 [INFO] Успешная запись в базу 
01.04.2018 13:26:18 [INFO] Успешная запись в базу 
01.04.2018 13:26:31 [INFO] Успешная запись в базу 
01.04.2018 13:26:44 [INFO] Успешная запись в базу 
01.04.2018 13:26:56 [INFO] Успешная запись в базу 
01.04.2018 13:27:08 [INFO] Успешная запись в базу 
01.04.2018 13:27:21 [INFO] Успешная запись в базу 
01.04.2018 13:27:33 [INFO] Успешная запись в базу 
01.04.2018 13:27:47 [INFO] Успешная запись в базу 
01.04.2018 13:28:00 [INFO] Успешная запись в базу 
01.04.2018 13:28:13 [INFO] Успешная запись в базу 
01.04.2018 13:28:26 [INFO] Успешная запись в базу 
01.04.2018 13:28:39 [INFO] Успешная запись в базу 
01.04.2018 13:28:52 [INFO] Успешная запись в базу 
01.04.2018 13:29:05 [INFO] Успешная запись в базу 
01.04.2018 13:29:18 [INFO] Успешная запись в базу 
01.04.2018 13:29:31 [INFO] Успешная запись в базу 
01.04.2018 13:29:43 [INFO] Успешная запись в базу 
01.04.2018 13:29:56 [INFO] Успешная запись в базу 
01.04.2018 13:30:08 [INFO] Успешная запись в базу 
01.04.2018 13:30:21 [INFO] Успешная запись в базу 
01.04.2018 13:30:34 [INFO] Успешная запись в базу 
01.04.2018 13:30:46 [INFO] Успешная запись в базу 
01.04.2018 13:30:59 [INFO] Успешная запись в базу 
01.04.2018 13:31:12 [INFO] Успешная запись в базу 
01.04.2018 13:31:25 [INFO] Успешная запись в базу 
01.04.2018 13:31:37 [INFO] Успешная запись в базу 
01.04.2018 13:31:50 [INFO] Успешная запись в базу 
01.04.2018 13:32:02 [INFO] Успешная запись в базу 
01.04.2018 13:32:15 [INFO] Успешная запись в базу 
01.04.2018 13:32:28 [INFO] Успешная запись в базу 
01.04.2018 13:32:40 [INFO] Успешная запись в базу 
01.04.2018 13:32:53 [INFO] Успешная запись в базу 
01.04.2018 13:33:06 [INFO] Успешная запись в базу 
01.04.2018 13:33:19 [INFO] Успешная запись в базу 
01.04.2018 13:33:31 [INFO] Успешная запись в базу 
01.04.2018 13:33:44 [INFO] Успешная запись в базу 
01.04.2018 13:33:56 [INFO] Успешная запись в базу 
01.04.2018 13:34:08 [INFO] Успешная запись в базу 
01.04.2018 13:34:21 [INFO] Успешная запись в базу 
01.04.2018 13:34:33 [INFO] Успешная запись в базу 
01.04.2018 13:34:45 [INFO] Успешная запись в базу 
01.04.2018 13:34:58 [INFO] Успешная запись в базу 
01.04.2018 13:35:11 [INFO] Успешная запись в базу 
01.04.2018 13:35:23 [INFO] Успешная запись в базу 
01.04.2018 13:35:39 [INFO] Успешная запись в базу 
01.04.2018 13:35:51 [INFO] Успешная запись в базу 
01.04.2018 13:36:03 [INFO] Успешная запись в базу 
01.04.2018 13:36:15 [INFO] Успешная запись в базу 
01.04.2018 13:36:27 [INFO] Успешная запись в базу 
01.04.2018 13:36:40 [INFO] Успешная запись в базу 
01.04.2018 13:36:52 [INFO] Успешная запись в базу 
01.04.2018 13:37:04 [INFO] Успешная запись в базу 
01.04.2018 13:37:17 [INFO] Успешная запись в базу 
01.04.2018 13:37:29 [INFO] Успешная запись в базу 
01.04.2018 13:37:42 [INFO] Успешная запись в базу 
01.04.2018 13:37:54 [INFO] Успешная запись в базу 
01.04.2018 13:38:06 [INFO] Успешная запись в базу 
01.04.2018 13:38:18 [INFO] Успешная запись в базу 
01.04.2018 13:38:31 [INFO] Успешная запись в базу 
01.04.2018 13:38:43 [INFO] Успешная запись в базу 
01.04.2018 13:38:56 [INFO] Успешная запись в базу 
01.04.2018 13:39:08 [INFO] Успешная запись в базу 
01.04.2018 13:39:20 [INFO] Успешная запись в базу 
01.04.2018 13:39:32 [INFO] Успешная запись в базу 
01.04.2018 13:39:44 [INFO] Успешная запись в базу 
01.04.2018 13:39:56 [INFO] Успешная запись в базу 
01.04.2018 13:40:09 [INFO] Успешная запись в базу 
01.04.2018 13:40:22 [INFO] Успешная запись в базу 
01.04.2018 13:40:34 [INFO] Успешная запись в базу 
01.04.2018 13:40:46 [INFO] Успешная запись в базу 
01.04.2018 13:40:58 [INFO] Успешная запись в базу 
01.04.2018 13:41:10 [INFO] Успешная запись в базу 
01.04.2018 13:41:23 [INFO] Успешная запись в базу 
01.04.2018 13:41:40 [INFO] Успешная запись в базу 
01.04.2018 13:41:53 [INFO] Успешная запись в базу 
01.04.2018 13:42:05 [INFO] Успешная запись в базу 
01.04.2018 13:42:18 [INFO] Успешная запись в базу 
01.04.2018 13:42:30 [INFO] Успешная запись в базу 
01.04.2018 13:42:42 [INFO] Успешная запись в базу 
01.04.2018 13:42:55 [INFO] Успешная запись в базу 
01.04.2018 13:43:07 [INFO] Успешная запись в базу 
01.04.2018 13:43:20 [INFO] Успешная запись в базу 
01.04.2018 13:43:33 [INFO] Успешная запись в базу 
01.04.2018 13:43:46 [INFO] Успешная запись в базу 
01.04.2018 13:43:58 [INFO] Успешная запись в базу 
01.04.2018 13:44:10 [INFO] Успешная запись в базу 
01.04.2018 13:44:23 [INFO] Успешная запись в базу 
01.04.2018 13:44:36 [INFO] Успешная запись в базу 
01.04.2018 13:44:48 [INFO] Успешная запись в базу 
01.04.2018 13:45:00 [INFO] Успешная запись в базу 
01.04.2018 13:45:12 [INFO] Успешная запись в базу 
01.04.2018 13:45:26 [INFO] Успешная запись в базу 
01.04.2018 13:45:38 [INFO] Успешная запись в базу 
01.04.2018 13:45:50 [INFO] Успешная запись в базу 
01.04.2018 13:46:03 [INFO] Успешная запись в базу 
01.04.2018 13:46:16 [INFO] Успешная запись в базу 
01.04.2018 13:46:28 [INFO] Успешная запись в базу 
01.04.2018 13:46:41 [INFO] Успешная запись в базу 
01.04.2018 13:46:53 [INFO] Успешная запись в базу 
01.04.2018 13:47:05 [INFO] Успешная запись в базу 
01.04.2018 13:47:18 [INFO] Успешная запись в базу 
01.04.2018 13:47:30 [INFO] Успешная запись в базу 
01.04.2018 13:47:42 [INFO] Успешная запись в базу 
01.04.2018 13:47:55 [INFO] Успешная запись в базу 
01.04.2018 13:48:07 [INFO] Успешная запись в базу 
01.04.2018 13:48:19 [INFO] Успешная запись в базу 
01.04.2018 13:48:31 [INFO] Успешная запись в базу 
01.04.2018 13:48:44 [INFO] Успешная запись в базу 
01.04.2018 13:48:56 [INFO] Успешная запись в базу 
01.04.2018 13:49:09 [INFO] Успешная запись в базу 
01.04.2018 13:49:21 [INFO] Успешная запись в базу 
01.04.2018 13:49:34 [INFO] Успешная запись в базу 
01.04.2018 13:49:46 [INFO] Успешная запись в базу 
01.04.2018 13:49:58 [INFO] Успешная запись в базу 
01.04.2018 13:50:10 [INFO] Успешная запись в базу 
01.04.2018 13:50:23 [INFO] Успешная запись в базу 
01.04.2018 13:50:35 [INFO] Успешная запись в базу 
01.04.2018 13:50:47 [INFO] Успешная запись в базу 
01.04.2018 13:51:01 [INFO] Успешная запись в базу 
01.04.2018 13:51:13 [INFO] Успешная запись в базу 
01.04.2018 13:51:25 [INFO] Успешная запись в базу 
01.04.2018 13:51:37 [INFO] Успешная запись в базу 
01.04.2018 13:51:49 [INFO] Успешная запись в базу 
01.04.2018 13:52:02 [INFO] Успешная запись в базу 
01.04.2018 13:52:14 [INFO] Успешная запись в базу 
01.04.2018 13:52:26 [INFO] Успешная запись в базу 
01.04.2018 13:52:38 [INFO] Успешная запись в базу 
01.04.2018 13:52:51 [INFO] Успешная запись в базу 
01.04.2018 13:53:03 [INFO] Успешная запись в базу 
01.04.2018 13:53:16 [INFO] Успешная запись в базу 
01.04.2018 13:53:28 [INFO] Успешная запись в базу 
01.04.2018 13:53:41 [INFO] Успешная запись в базу 
01.04.2018 13:53:54 [INFO] Успешная запись в базу 
01.04.2018 13:54:06 [INFO] Успешная запись в базу 
01.04.2018 13:54:07 [ERROR] Ошибка загрузки списка ордеров: {"name":"Error","message":"Disconnect api module","stack":"Error: Disconnect api module\n    at Socket.socket.on (c:\\Repos\\auto-trading\\binance\\binance_api_adapter.js:61:20)\n    at Socket.Emitter.emit (c:\\Repos\\auto-trading\\node_modules\\component-emitter\\index.js:133:20)\n    at Socket.emit (c:\\Repos\\auto-trading\\node_modules\\socket.io-client\\lib\\socket.js:136:10)\n    at Socket.onclose (c:\\Repos\\auto-trading\\node_modules\\socket.io-client\\lib\\socket.js:209:8)\n    at Manager.<anonymous> (c:\\Repos\\auto-trading\\node_modules\\component-bind\\index.js:21:15)\n    at Manager.Emitter.emit (c:\\Repos\\auto-trading\\node_modules\\component-emitter\\index.js:133:20)\n    at Manager.onclose (c:\\Repos\\auto-trading\\node_modules\\socket.io-client\\lib\\manager.js:502:8)\n    at Socket.<anonymous> (c:\\Repos\\auto-trading\\node_modules\\component-bind\\index.js:21:15)\n    at Socket.Emitter.emit (c:\\Repos\\auto-trading\\node_modules\\component-emitter\\index.js:133:20)\n    at Socket.onClose (c:\\Repos\\auto-trading\\node_modules\\engine.io-client\\lib\\socket.js:720:10)"}
01.04.2018 13:54:07 [ERROR] Ошибка загрузки данных с binance
01.04.2018 13:54:07 [ERROR] Произошла ошибка в выполнении программы, модуль будет перезапущен: {"name":"Error","message":"Disconnect api module","stack":"Error: Disconnect api module\n    at Socket.socket.on (c:\\Repos\\auto-trading\\binance\\binance_api_adapter.js:61:20)\n    at Socket.Emitter.emit (c:\\Repos\\auto-trading\\node_modules\\component-emitter\\index.js:133:20)\n    at Socket.emit (c:\\Repos\\auto-trading\\node_modules\\socket.io-client\\lib\\socket.js:136:10)\n    at Socket.onclose (c:\\Repos\\auto-trading\\node_modules\\socket.io-client\\lib\\socket.js:209:8)\n    at Manager.<anonymous> (c:\\Repos\\auto-trading\\node_modules\\component-bind\\index.js:21:15)\n    at Manager.Emitter.emit (c:\\Repos\\auto-trading\\node_modules\\component-emitter\\index.js:133:20)\n    at Manager.onclose (c:\\Repos\\auto-trading\\node_modules\\socket.io-client\\lib\\manager.js:502:8)\n    at Socket.<anonymous> (c:\\Repos\\auto-trading\\node_modules\\component-bind\\index.js:21:15)\n    at Socket.Emitter.emit (c:\\Repos\\auto-trading\\node_modules\\component-emitter\\index.js:133:20)\n    at Socket.onClose (c:\\Repos\\auto-trading\\node_modules\\engine.io-client\\lib\\socket.js:720:10)"}
