01.04.2018 13:57:30 [INFO] Обновление списка неиспользуемых для ввода и вывода монет для маркета livecoin успешно ["USD","NEO"]
01.04.2018 13:58:01 [INFO] Успешная запись в базу 
01.04.2018 13:58:01 [INFO] Первичная загрузка данных с livecoin успешна
01.04.2018 13:59:09 [INFO] Успешная запись в базу 
01.04.2018 14:00:15 [INFO] Успешная запись в базу 
01.04.2018 14:01:15 [INFO] Успешная запись в базу 
01.04.2018 14:03:19 [ERROR] Ошибка загрузки списка ордеров: {"code":"ECONNRESET"}
01.04.2018 14:03:19 [ERROR] Произошла ошибка в выполнении программы либо был обновлен список монет, модуль будет перезапущен: {"code":"ECONNRESET"}
01.04.2018 14:03:22 [INFO] Успешная запись в базу 
01.04.2018 14:03:22 [INFO] Первичная загрузка данных с livecoin успешна
01.04.2018 14:03:35 [INFO] Успешная запись в базу 
01.04.2018 14:03:48 [INFO] Успешная запись в базу 
01.04.2018 14:04:01 [INFO] Успешная запись в базу 
01.04.2018 14:04:14 [INFO] Успешная запись в базу 
01.04.2018 14:04:27 [INFO] Успешная запись в базу 
01.04.2018 14:04:40 [INFO] Успешная запись в базу 
01.04.2018 14:04:53 [INFO] Успешная запись в базу 
01.04.2018 14:05:06 [INFO] Успешная запись в базу 
01.04.2018 14:05:19 [INFO] Успешная запись в базу 
01.04.2018 14:05:32 [INFO] Успешная запись в базу 
01.04.2018 14:05:45 [INFO] Успешная запись в базу 
01.04.2018 14:05:59 [INFO] Успешная запись в базу 
01.04.2018 14:06:14 [INFO] Успешная запись в базу 
01.04.2018 14:06:29 [INFO] Успешная запись в базу 
01.04.2018 14:06:44 [INFO] Успешная запись в базу 
01.04.2018 14:07:00 [INFO] Успешная запись в базу 
01.04.2018 14:07:15 [INFO] Успешная запись в базу 
01.04.2018 14:07:31 [INFO] Успешная запись в базу 
01.04.2018 14:07:46 [INFO] Успешная запись в базу 
01.04.2018 14:08:01 [INFO] Успешная запись в базу 
01.04.2018 14:08:16 [INFO] Успешная запись в базу 
01.04.2018 14:08:32 [INFO] Успешная запись в базу 
01.04.2018 14:08:47 [INFO] Успешная запись в базу 
01.04.2018 14:09:02 [INFO] Успешная запись в базу 
01.04.2018 14:09:17 [INFO] Успешная запись в базу 
01.04.2018 14:09:32 [INFO] Успешная запись в базу 
01.04.2018 14:09:47 [INFO] Успешная запись в базу 
01.04.2018 14:10:02 [INFO] Успешная запись в базу 
01.04.2018 14:10:17 [INFO] Успешная запись в базу 
01.04.2018 14:10:32 [INFO] Успешная запись в базу 
01.04.2018 14:10:47 [INFO] Успешная запись в базу 
01.04.2018 14:11:03 [INFO] Успешная запись в базу 
01.04.2018 14:11:17 [INFO] Успешная запись в базу 
01.04.2018 14:11:32 [INFO] Успешная запись в базу 
01.04.2018 14:11:47 [INFO] Успешная запись в базу 
01.04.2018 14:12:02 [INFO] Успешная запись в базу 
01.04.2018 14:12:17 [INFO] Успешная запись в базу 
01.04.2018 14:12:32 [INFO] Успешная запись в базу 
01.04.2018 14:12:47 [INFO] Успешная запись в базу 
01.04.2018 14:13:02 [INFO] Успешная запись в базу 
01.04.2018 14:13:17 [INFO] Успешная запись в базу 
01.04.2018 14:13:32 [INFO] Успешная запись в базу 
01.04.2018 14:13:46 [INFO] Успешная запись в базу 
01.04.2018 14:13:59 [INFO] Успешная запись в базу 
01.04.2018 14:14:11 [INFO] Успешная запись в базу 
01.04.2018 14:14:24 [INFO] Успешная запись в базу 
01.04.2018 14:14:38 [INFO] Успешная запись в базу 
01.04.2018 14:14:51 [INFO] Успешная запись в базу 
01.04.2018 14:15:04 [INFO] Успешная запись в базу 
01.04.2018 14:15:18 [INFO] Успешная запись в базу 
01.04.2018 14:15:31 [INFO] Успешная запись в базу 
01.04.2018 14:15:44 [INFO] Успешная запись в базу 
01.04.2018 14:15:57 [INFO] Успешная запись в базу 
01.04.2018 14:16:10 [INFO] Успешная запись в базу 
01.04.2018 14:16:24 [INFO] Успешная запись в базу 
01.04.2018 14:16:37 [INFO] Успешная запись в базу 
01.04.2018 14:16:50 [INFO] Успешная запись в базу 
01.04.2018 14:17:04 [INFO] Успешная запись в базу 
01.04.2018 14:17:17 [INFO] Успешная запись в базу 
01.04.2018 14:17:30 [INFO] Успешная запись в базу 
01.04.2018 14:17:43 [INFO] Успешная запись в базу 
01.04.2018 14:17:56 [INFO] Успешная запись в базу 
01.04.2018 14:18:09 [INFO] Успешная запись в базу 
01.04.2018 14:18:23 [INFO] Успешная запись в базу 
01.04.2018 14:18:36 [INFO] Успешная запись в базу 
01.04.2018 14:18:49 [INFO] Успешная запись в базу 
01.04.2018 14:19:02 [INFO] Успешная запись в базу 
01.04.2018 14:19:15 [INFO] Успешная запись в базу 
01.04.2018 14:19:29 [INFO] Успешная запись в базу 
01.04.2018 14:19:42 [INFO] Успешная запись в базу 
01.04.2018 14:19:55 [INFO] Успешная запись в базу 
01.04.2018 14:20:08 [INFO] Успешная запись в базу 
01.04.2018 14:20:21 [INFO] Успешная запись в базу 
01.04.2018 14:20:35 [INFO] Успешная запись в базу 
01.04.2018 14:20:48 [INFO] Успешная запись в базу 
01.04.2018 14:21:01 [INFO] Успешная запись в базу 
01.04.2018 14:21:14 [INFO] Успешная запись в базу 
01.04.2018 14:21:26 [INFO] Успешная запись в базу 
01.04.2018 14:21:39 [INFO] Успешная запись в базу 
01.04.2018 14:21:52 [INFO] Успешная запись в базу 
01.04.2018 14:22:05 [INFO] Успешная запись в базу 
01.04.2018 14:22:19 [INFO] Успешная запись в базу 
01.04.2018 14:22:31 [INFO] Успешная запись в базу 
01.04.2018 14:22:45 [INFO] Успешная запись в базу 
01.04.2018 14:22:57 [INFO] Успешная запись в базу 
01.04.2018 14:23:10 [INFO] Успешная запись в базу 
01.04.2018 14:23:24 [INFO] Успешная запись в базу 
01.04.2018 14:23:37 [INFO] Успешная запись в базу 
01.04.2018 14:23:50 [INFO] Успешная запись в базу 
01.04.2018 14:24:03 [INFO] Успешная запись в базу 
01.04.2018 14:24:16 [INFO] Успешная запись в базу 
01.04.2018 14:24:29 [INFO] Успешная запись в базу 
01.04.2018 14:24:42 [INFO] Успешная запись в базу 
01.04.2018 14:24:55 [INFO] Успешная запись в базу 
01.04.2018 14:25:08 [INFO] Успешная запись в базу 
01.04.2018 14:25:21 [INFO] Успешная запись в базу 
01.04.2018 14:25:34 [INFO] Успешная запись в базу 
01.04.2018 14:25:47 [INFO] Успешная запись в базу 
01.04.2018 14:26:00 [INFO] Успешная запись в базу 
01.04.2018 14:26:12 [INFO] Успешная запись в базу 
01.04.2018 14:26:26 [INFO] Успешная запись в базу 
01.04.2018 14:26:39 [INFO] Успешная запись в базу 
01.04.2018 14:26:52 [INFO] Успешная запись в базу 
01.04.2018 14:27:05 [INFO] Успешная запись в базу 
01.04.2018 14:27:18 [INFO] Успешная запись в базу 
01.04.2018 14:27:31 [INFO] Успешная запись в базу 
01.04.2018 14:27:44 [INFO] Успешная запись в базу 
01.04.2018 14:27:58 [INFO] Успешная запись в базу 
01.04.2018 14:28:12 [INFO] Успешная запись в базу 
01.04.2018 14:28:25 [INFO] Успешная запись в базу 
01.04.2018 14:28:38 [INFO] Успешная запись в базу 
01.04.2018 14:28:51 [INFO] Успешная запись в базу 
01.04.2018 14:29:04 [INFO] Успешная запись в базу 
01.04.2018 14:29:18 [INFO] Успешная запись в базу 
01.04.2018 14:29:31 [INFO] Успешная запись в базу 
01.04.2018 14:29:44 [INFO] Успешная запись в базу 
01.04.2018 14:29:57 [INFO] Успешная запись в базу 
01.04.2018 14:30:11 [INFO] Успешная запись в базу 
01.04.2018 14:30:24 [INFO] Успешная запись в базу 
01.04.2018 14:30:37 [INFO] Успешная запись в базу 
01.04.2018 14:30:50 [INFO] Успешная запись в базу 
01.04.2018 14:31:03 [INFO] Успешная запись в базу 
01.04.2018 14:31:16 [INFO] Успешная запись в базу 
01.04.2018 14:31:29 [INFO] Успешная запись в базу 
01.04.2018 14:31:42 [INFO] Успешная запись в базу 
01.04.2018 14:31:56 [INFO] Успешная запись в базу 
01.04.2018 14:32:09 [INFO] Успешная запись в базу 
01.04.2018 14:32:22 [INFO] Успешная запись в базу 
01.04.2018 14:32:36 [INFO] Успешная запись в базу 
01.04.2018 14:32:49 [INFO] Успешная запись в базу 
01.04.2018 14:33:02 [INFO] Успешная запись в базу 
01.04.2018 14:33:15 [INFO] Успешная запись в базу 
01.04.2018 14:33:28 [INFO] Успешная запись в базу 
01.04.2018 14:33:42 [INFO] Успешная запись в базу 
01.04.2018 14:33:55 [INFO] Успешная запись в базу 
01.04.2018 14:34:08 [INFO] Успешная запись в базу 
01.04.2018 14:34:21 [INFO] Успешная запись в базу 
01.04.2018 14:34:35 [INFO] Успешная запись в базу 
01.04.2018 14:34:48 [INFO] Успешная запись в базу 
01.04.2018 14:35:01 [INFO] Успешная запись в базу 
01.04.2018 14:35:14 [INFO] Успешная запись в базу 
01.04.2018 14:35:28 [INFO] Успешная запись в базу 
01.04.2018 14:35:41 [INFO] Успешная запись в базу 
01.04.2018 14:35:54 [INFO] Успешная запись в базу 
01.04.2018 14:36:07 [INFO] Успешная запись в базу 
01.04.2018 14:36:20 [INFO] Успешная запись в базу 
01.04.2018 14:36:33 [INFO] Успешная запись в базу 
01.04.2018 14:36:46 [INFO] Успешная запись в базу 
01.04.2018 14:36:59 [INFO] Успешная запись в базу 
01.04.2018 14:37:12 [INFO] Успешная запись в базу 
01.04.2018 14:37:25 [INFO] Успешная запись в базу 
01.04.2018 14:37:38 [INFO] Успешная запись в базу 
01.04.2018 14:37:51 [INFO] Успешная запись в базу 
01.04.2018 14:38:04 [INFO] Успешная запись в базу 
01.04.2018 14:38:17 [INFO] Успешная запись в базу 
01.04.2018 14:38:30 [INFO] Успешная запись в базу 
01.04.2018 14:38:44 [INFO] Успешная запись в базу 
01.04.2018 14:38:57 [INFO] Успешная запись в базу 
01.04.2018 14:39:09 [INFO] Успешная запись в базу 
01.04.2018 14:39:22 [INFO] Успешная запись в базу 
01.04.2018 14:39:35 [INFO] Успешная запись в базу 
01.04.2018 14:39:48 [INFO] Успешная запись в базу 
01.04.2018 14:40:01 [INFO] Успешная запись в базу 
01.04.2018 14:40:14 [INFO] Успешная запись в базу 
01.04.2018 14:40:26 [INFO] Успешная запись в базу 
01.04.2018 14:40:39 [INFO] Успешная запись в базу 
01.04.2018 14:40:52 [INFO] Успешная запись в базу 
01.04.2018 14:41:04 [INFO] Успешная запись в базу 
01.04.2018 14:41:18 [INFO] Успешная запись в базу 
01.04.2018 14:41:30 [INFO] Успешная запись в базу 
01.04.2018 14:41:43 [INFO] Успешная запись в базу 
01.04.2018 14:41:56 [INFO] Успешная запись в базу 
01.04.2018 14:42:08 [INFO] Успешная запись в базу 
01.04.2018 14:42:21 [INFO] Успешная запись в базу 
01.04.2018 14:42:34 [INFO] Успешная запись в базу 
01.04.2018 14:42:47 [INFO] Успешная запись в базу 
01.04.2018 14:43:00 [INFO] Успешная запись в базу 
01.04.2018 14:43:13 [INFO] Успешная запись в базу 
01.04.2018 14:43:26 [INFO] Успешная запись в базу 
01.04.2018 14:43:39 [INFO] Успешная запись в базу 
01.04.2018 14:43:51 [INFO] Успешная запись в базу 
01.04.2018 14:44:04 [INFO] Успешная запись в базу 
01.04.2018 14:44:17 [INFO] Успешная запись в базу 
01.04.2018 14:44:29 [INFO] Успешная запись в базу 
01.04.2018 14:45:36 [INFO] Успешная запись в базу 
01.04.2018 14:46:22 [INFO] Успешная запись в базу 
01.04.2018 14:47:24 [INFO] Успешная запись в базу 
01.04.2018 14:48:28 [INFO] Успешная запись в базу 
01.04.2018 14:48:28 [ERROR] Произошла ошибка в выполнении программы либо был обновлен список монет, модуль будет перезапущен: {"name":"Error","message":"Был обновлен список монет","stack":"Error: Был обновлен список монет\n    at main (c:\\Repos\\auto-trading\\livecoin\\livecoin_module.js:441:23)\n    at process._tickCallback (internal/process/next_tick.js:109:7)"}
01.04.2018 14:49:52 [INFO] Успешная запись в базу 
01.04.2018 14:49:52 [INFO] Первичная загрузка данных с livecoin успешна
01.04.2018 14:50:06 [INFO] Успешная запись в базу 
01.04.2018 14:50:19 [INFO] Успешная запись в базу 
01.04.2018 14:50:32 [INFO] Успешная запись в базу 
01.04.2018 14:50:46 [INFO] Успешная запись в базу 
01.04.2018 14:50:59 [INFO] Успешная запись в базу 
01.04.2018 14:51:13 [INFO] Успешная запись в базу 
01.04.2018 14:51:26 [INFO] Успешная запись в базу 
01.04.2018 14:51:39 [INFO] Успешная запись в базу 
01.04.2018 14:51:54 [INFO] Успешная запись в базу 
01.04.2018 14:52:07 [INFO] Успешная запись в базу 
01.04.2018 14:52:20 [INFO] Успешная запись в базу 
01.04.2018 14:52:34 [INFO] Успешная запись в базу 
01.04.2018 14:52:47 [INFO] Успешная запись в базу 
01.04.2018 14:53:01 [INFO] Успешная запись в базу 
01.04.2018 14:53:14 [INFO] Успешная запись в базу 
01.04.2018 14:53:27 [INFO] Успешная запись в базу 
01.04.2018 14:53:41 [INFO] Успешная запись в базу 
01.04.2018 14:53:54 [INFO] Успешная запись в базу 
01.04.2018 14:54:08 [INFO] Успешная запись в базу 
01.04.2018 14:54:21 [INFO] Успешная запись в базу 
01.04.2018 14:54:34 [INFO] Успешная запись в базу 
01.04.2018 14:54:48 [INFO] Успешная запись в базу 
01.04.2018 14:55:02 [INFO] Успешная запись в базу 
01.04.2018 14:55:15 [INFO] Успешная запись в базу 
01.04.2018 14:55:29 [INFO] Успешная запись в базу 
01.04.2018 14:55:42 [INFO] Успешная запись в базу 
01.04.2018 14:55:56 [INFO] Успешная запись в базу 
01.04.2018 14:56:09 [INFO] Успешная запись в базу 
01.04.2018 14:56:23 [INFO] Успешная запись в базу 
01.04.2018 14:56:36 [INFO] Успешная запись в базу 
01.04.2018 14:56:50 [INFO] Успешная запись в базу 
01.04.2018 14:57:03 [INFO] Успешная запись в базу 
01.04.2018 14:57:16 [INFO] Успешная запись в базу 
01.04.2018 14:57:30 [INFO] Успешная запись в базу 
01.04.2018 14:57:43 [INFO] Успешная запись в базу 
01.04.2018 14:57:57 [INFO] Успешная запись в базу 
01.04.2018 14:58:10 [INFO] Успешная запись в базу 
01.04.2018 14:58:24 [INFO] Успешная запись в базу 
01.04.2018 14:58:37 [INFO] Успешная запись в базу 
01.04.2018 14:58:50 [INFO] Успешная запись в базу 
01.04.2018 14:59:04 [INFO] Успешная запись в базу 
01.04.2018 14:59:17 [INFO] Успешная запись в базу 
01.04.2018 14:59:30 [INFO] Успешная запись в базу 
01.04.2018 14:59:44 [INFO] Успешная запись в базу 
01.04.2018 14:59:57 [INFO] Успешная запись в базу 
01.04.2018 15:00:11 [INFO] Успешная запись в базу 
01.04.2018 15:00:25 [INFO] Успешная запись в базу 
01.04.2018 15:00:39 [INFO] Успешная запись в базу 
01.04.2018 15:00:53 [INFO] Успешная запись в базу 
01.04.2018 15:01:07 [INFO] Успешная запись в базу 
01.04.2018 15:01:20 [INFO] Успешная запись в базу 
01.04.2018 15:01:33 [INFO] Успешная запись в базу 
01.04.2018 15:01:47 [INFO] Успешная запись в базу 
01.04.2018 15:02:01 [INFO] Успешная запись в базу 
01.04.2018 15:02:14 [INFO] Успешная запись в базу 
01.04.2018 15:02:27 [INFO] Успешная запись в базу 
01.04.2018 15:02:40 [INFO] Успешная запись в базу 
01.04.2018 15:02:54 [INFO] Успешная запись в базу 
01.04.2018 15:03:07 [INFO] Успешная запись в базу 
01.04.2018 15:03:20 [INFO] Успешная запись в базу 
01.04.2018 15:03:33 [INFO] Успешная запись в базу 
01.04.2018 15:03:47 [INFO] Успешная запись в базу 
01.04.2018 15:04:01 [INFO] Успешная запись в базу 
01.04.2018 15:04:14 [INFO] Успешная запись в базу 
01.04.2018 15:04:28 [INFO] Успешная запись в базу 
01.04.2018 15:04:41 [INFO] Успешная запись в базу 
01.04.2018 15:04:54 [INFO] Успешная запись в базу 
01.04.2018 15:05:08 [INFO] Успешная запись в базу 
01.04.2018 15:05:21 [INFO] Успешная запись в базу 
01.04.2018 15:05:35 [INFO] Успешная запись в базу 
01.04.2018 15:05:48 [INFO] Успешная запись в базу 
01.04.2018 15:06:02 [INFO] Успешная запись в базу 
01.04.2018 15:06:15 [INFO] Успешная запись в базу 
01.04.2018 15:06:29 [INFO] Успешная запись в базу 
01.04.2018 15:06:42 [INFO] Успешная запись в базу 
01.04.2018 15:06:57 [INFO] Успешная запись в базу 
01.04.2018 15:07:15 [INFO] Успешная запись в базу 
01.04.2018 15:07:28 [INFO] Успешная запись в базу 
01.04.2018 15:07:42 [INFO] Успешная запись в базу 
01.04.2018 15:07:56 [INFO] Успешная запись в базу 
01.04.2018 15:08:10 [INFO] Успешная запись в базу 
01.04.2018 15:08:24 [INFO] Успешная запись в базу 
01.04.2018 15:08:37 [INFO] Успешная запись в базу 
01.04.2018 15:08:52 [INFO] Успешная запись в базу 
01.04.2018 15:09:05 [INFO] Успешная запись в базу 
01.04.2018 15:09:19 [INFO] Успешная запись в базу 
01.04.2018 15:09:33 [INFO] Успешная запись в базу 
01.04.2018 15:09:46 [INFO] Успешная запись в базу 
01.04.2018 15:10:00 [INFO] Успешная запись в базу 
01.04.2018 15:10:14 [INFO] Успешная запись в базу 
01.04.2018 15:10:27 [INFO] Успешная запись в базу 
01.04.2018 15:10:42 [INFO] Успешная запись в базу 
01.04.2018 15:10:56 [INFO] Успешная запись в базу 
01.04.2018 15:11:09 [INFO] Успешная запись в базу 
01.04.2018 15:11:23 [INFO] Успешная запись в базу 
01.04.2018 15:11:37 [INFO] Успешная запись в базу 
01.04.2018 15:11:50 [INFO] Успешная запись в базу 
01.04.2018 15:12:05 [INFO] Успешная запись в базу 
01.04.2018 15:12:19 [INFO] Успешная запись в базу 
01.04.2018 15:12:34 [INFO] Успешная запись в базу 
01.04.2018 15:12:47 [INFO] Успешная запись в базу 
01.04.2018 15:13:01 [INFO] Успешная запись в базу 
01.04.2018 15:13:15 [INFO] Успешная запись в базу 
01.04.2018 15:13:29 [INFO] Успешная запись в базу 
01.04.2018 15:13:43 [INFO] Успешная запись в базу 
01.04.2018 15:13:56 [INFO] Успешная запись в базу 
01.04.2018 15:14:10 [INFO] Успешная запись в базу 
01.04.2018 15:14:23 [INFO] Успешная запись в базу 
01.04.2018 15:14:37 [INFO] Успешная запись в базу 
01.04.2018 15:14:50 [INFO] Успешная запись в базу 
01.04.2018 15:15:04 [INFO] Успешная запись в базу 
01.04.2018 15:15:18 [INFO] Успешная запись в базу 
