01.04.2018 12:55:12 [INFO] Обновление списка неиспользуемых для ввода и вывода монет для маркета livecoin успешно ["USD","NEO"]
01.04.2018 12:55:14 [INFO] Успешная запись в базу 
01.04.2018 12:55:14 [INFO] Первичная загрузка данных с livecoin успешна
01.04.2018 12:55:27 [INFO] Успешная запись в базу 
01.04.2018 12:55:40 [INFO] Успешная запись в базу 
01.04.2018 12:55:53 [INFO] Успешная запись в базу 
01.04.2018 12:56:06 [INFO] Успешная запись в базу 
01.04.2018 12:56:19 [INFO] Успешная запись в базу 
01.04.2018 12:56:32 [INFO] Успешная запись в базу 
01.04.2018 12:56:45 [INFO] Успешная запись в базу 
01.04.2018 12:56:58 [INFO] Успешная запись в базу 
01.04.2018 12:57:11 [INFO] Успешная запись в базу 
01.04.2018 12:57:24 [INFO] Успешная запись в базу 
01.04.2018 12:57:37 [INFO] Успешная запись в базу 
01.04.2018 12:57:50 [INFO] Успешная запись в базу 
01.04.2018 12:58:03 [INFO] Успешная запись в базу 
01.04.2018 12:58:15 [INFO] Успешная запись в базу 
01.04.2018 12:58:28 [INFO] Успешная запись в базу 
01.04.2018 12:58:41 [INFO] Успешная запись в базу 
01.04.2018 12:58:54 [INFO] Успешная запись в базу 
01.04.2018 12:59:07 [INFO] Успешная запись в базу 
01.04.2018 12:59:20 [INFO] Успешная запись в базу 
01.04.2018 12:59:33 [INFO] Успешная запись в базу 
01.04.2018 12:59:46 [INFO] Успешная запись в базу 
01.04.2018 12:59:59 [INFO] Успешная запись в базу 
01.04.2018 13:00:12 [INFO] Успешная запись в базу 
01.04.2018 13:00:25 [INFO] Успешная запись в базу 
01.04.2018 13:00:38 [INFO] Успешная запись в базу 
01.04.2018 13:00:51 [INFO] Успешная запись в базу 
01.04.2018 13:01:04 [INFO] Успешная запись в базу 
01.04.2018 13:01:17 [INFO] Успешная запись в базу 
01.04.2018 13:01:30 [INFO] Успешная запись в базу 
01.04.2018 13:01:43 [INFO] Успешная запись в базу 
01.04.2018 13:01:56 [INFO] Успешная запись в базу 
01.04.2018 13:02:09 [INFO] Успешная запись в базу 
01.04.2018 13:02:22 [INFO] Успешная запись в базу 
01.04.2018 13:02:35 [INFO] Успешная запись в базу 
01.04.2018 13:02:48 [INFO] Успешная запись в базу 
01.04.2018 13:03:01 [INFO] Успешная запись в базу 
01.04.2018 13:03:14 [INFO] Успешная запись в базу 
01.04.2018 13:03:27 [INFO] Успешная запись в базу 
01.04.2018 13:03:40 [INFO] Успешная запись в базу 
01.04.2018 13:03:53 [INFO] Успешная запись в базу 
01.04.2018 13:04:06 [INFO] Успешная запись в базу 
01.04.2018 13:04:19 [INFO] Успешная запись в базу 
01.04.2018 13:04:49 [INFO] Успешная запись в базу 
01.04.2018 13:06:30 [INFO] Успешная запись в базу 
01.04.2018 13:07:04 [INFO] Успешная запись в базу 
01.04.2018 13:08:23 [INFO] Успешная запись в базу 
01.04.2018 13:09:05 [INFO] Успешная запись в базу 
01.04.2018 13:09:40 [INFO] Успешная запись в базу 
01.04.2018 13:10:20 [INFO] Успешная запись в базу 
01.04.2018 13:11:10 [INFO] Успешная запись в базу 
01.04.2018 13:12:09 [INFO] Успешная запись в базу 
01.04.2018 13:13:31 [INFO] Успешная запись в базу 
01.04.2018 13:15:40 [ERROR] Ошибка загрузки списка ордеров: {"code":"ECONNRESET"}
01.04.2018 13:15:40 [ERROR] Произошла ошибка в выполнении программы либо был обновлен список монет, модуль будет перезапущен: {"code":"ECONNRESET"}
01.04.2018 13:15:43 [INFO] Успешная запись в базу 
01.04.2018 13:15:43 [INFO] Первичная загрузка данных с livecoin успешна
01.04.2018 13:15:56 [INFO] Успешная запись в базу 
01.04.2018 13:16:09 [INFO] Успешная запись в базу 
01.04.2018 13:16:22 [INFO] Успешная запись в базу 
01.04.2018 13:16:35 [INFO] Успешная запись в базу 
01.04.2018 13:16:48 [INFO] Успешная запись в базу 
01.04.2018 13:17:01 [INFO] Успешная запись в базу 
01.04.2018 13:17:14 [INFO] Успешная запись в базу 
01.04.2018 13:17:26 [INFO] Успешная запись в базу 
01.04.2018 13:17:39 [INFO] Успешная запись в базу 
01.04.2018 13:17:52 [INFO] Успешная запись в базу 
01.04.2018 13:18:05 [INFO] Успешная запись в базу 
01.04.2018 13:18:19 [INFO] Успешная запись в базу 
01.04.2018 13:18:32 [INFO] Успешная запись в базу 
01.04.2018 13:18:45 [INFO] Успешная запись в базу 
01.04.2018 13:18:58 [INFO] Успешная запись в базу 
01.04.2018 13:19:11 [INFO] Успешная запись в базу 
01.04.2018 13:19:23 [INFO] Успешная запись в базу 
01.04.2018 13:19:37 [INFO] Успешная запись в базу 
01.04.2018 13:19:49 [INFO] Успешная запись в базу 
01.04.2018 13:20:03 [INFO] Успешная запись в базу 
01.04.2018 13:20:16 [INFO] Успешная запись в базу 
01.04.2018 13:20:29 [INFO] Успешная запись в базу 
01.04.2018 13:20:42 [INFO] Успешная запись в базу 
01.04.2018 13:20:55 [INFO] Успешная запись в базу 
01.04.2018 13:21:08 [INFO] Успешная запись в базу 
01.04.2018 13:21:21 [INFO] Успешная запись в базу 
01.04.2018 13:21:34 [INFO] Успешная запись в базу 
01.04.2018 13:21:47 [INFO] Успешная запись в базу 
01.04.2018 13:22:00 [INFO] Успешная запись в базу 
01.04.2018 13:22:13 [INFO] Успешная запись в базу 
01.04.2018 13:22:27 [INFO] Успешная запись в базу 
01.04.2018 13:22:40 [INFO] Успешная запись в базу 
01.04.2018 13:22:54 [INFO] Успешная запись в базу 
01.04.2018 13:23:07 [INFO] Успешная запись в базу 
01.04.2018 13:23:20 [INFO] Успешная запись в базу 
01.04.2018 13:23:33 [INFO] Успешная запись в базу 
01.04.2018 13:23:46 [INFO] Успешная запись в базу 
01.04.2018 13:24:00 [INFO] Успешная запись в базу 
01.04.2018 13:24:13 [INFO] Успешная запись в базу 
01.04.2018 13:24:26 [INFO] Успешная запись в базу 
01.04.2018 13:24:40 [INFO] Успешная запись в базу 
01.04.2018 13:24:52 [INFO] Успешная запись в базу 
01.04.2018 13:25:06 [INFO] Успешная запись в базу 
01.04.2018 13:25:19 [INFO] Успешная запись в базу 
01.04.2018 13:25:32 [INFO] Успешная запись в базу 
01.04.2018 13:25:45 [INFO] Успешная запись в базу 
01.04.2018 13:25:58 [INFO] Успешная запись в базу 
01.04.2018 13:26:12 [INFO] Успешная запись в базу 
01.04.2018 13:26:24 [INFO] Успешная запись в базу 
01.04.2018 13:26:38 [INFO] Успешная запись в базу 
01.04.2018 13:26:51 [INFO] Успешная запись в базу 
01.04.2018 13:27:04 [INFO] Успешная запись в базу 
01.04.2018 13:27:17 [INFO] Успешная запись в базу 
01.04.2018 13:27:30 [INFO] Успешная запись в базу 
01.04.2018 13:28:12 [INFO] Успешная запись в базу 
01.04.2018 13:29:12 [INFO] Успешная запись в базу 
01.04.2018 13:30:23 [INFO] Успешная запись в базу 
01.04.2018 13:45:45 [ERROR] Ошибка загрузки списка ордеров: {"code":"ECONNRESET"}
01.04.2018 13:45:45 [ERROR] Произошла ошибка в выполнении программы либо был обновлен список монет, модуль будет перезапущен: {"code":"ECONNRESET"}
01.04.2018 13:45:48 [INFO] Успешная запись в базу 
01.04.2018 13:45:48 [INFO] Первичная загрузка данных с livecoin успешна
01.04.2018 13:46:01 [INFO] Успешная запись в базу 
01.04.2018 13:46:14 [INFO] Успешная запись в базу 
01.04.2018 13:46:27 [INFO] Успешная запись в базу 
01.04.2018 13:46:41 [INFO] Успешная запись в базу 
01.04.2018 13:46:54 [INFO] Успешная запись в базу 
01.04.2018 13:47:07 [INFO] Успешная запись в базу 
01.04.2018 13:47:20 [INFO] Успешная запись в базу 
01.04.2018 13:47:33 [INFO] Успешная запись в базу 
01.04.2018 13:47:46 [INFO] Успешная запись в базу 
01.04.2018 13:47:59 [INFO] Успешная запись в базу 
01.04.2018 13:48:12 [INFO] Успешная запись в базу 
01.04.2018 13:48:25 [INFO] Успешная запись в базу 
01.04.2018 13:48:38 [INFO] Успешная запись в базу 
01.04.2018 13:48:50 [INFO] Успешная запись в базу 
01.04.2018 13:49:03 [INFO] Успешная запись в базу 
01.04.2018 13:49:16 [INFO] Успешная запись в базу 
01.04.2018 13:49:29 [INFO] Успешная запись в базу 
01.04.2018 13:49:42 [INFO] Успешная запись в базу 
01.04.2018 13:49:55 [INFO] Успешная запись в базу 
01.04.2018 13:50:08 [INFO] Успешная запись в базу 
01.04.2018 13:50:21 [INFO] Успешная запись в базу 
01.04.2018 13:50:34 [INFO] Успешная запись в базу 
01.04.2018 13:50:47 [INFO] Успешная запись в базу 
01.04.2018 13:51:00 [INFO] Успешная запись в базу 
01.04.2018 13:51:13 [INFO] Успешная запись в базу 
01.04.2018 13:51:26 [INFO] Успешная запись в базу 
01.04.2018 13:51:39 [INFO] Успешная запись в базу 
01.04.2018 13:51:52 [INFO] Успешная запись в базу 
01.04.2018 13:52:05 [INFO] Успешная запись в базу 
01.04.2018 13:52:18 [INFO] Успешная запись в базу 
01.04.2018 13:52:30 [INFO] Успешная запись в базу 
01.04.2018 13:52:43 [INFO] Успешная запись в базу 
01.04.2018 13:52:57 [INFO] Успешная запись в базу 
01.04.2018 13:53:23 [INFO] Успешная запись в базу 
01.04.2018 13:53:36 [INFO] Успешная запись в базу 
01.04.2018 13:53:49 [INFO] Успешная запись в базу 
01.04.2018 13:54:02 [INFO] Успешная запись в базу 
01.04.2018 13:54:06 [ERROR] Ошибка загрузки списка ордеров: {"name":"Error","message":"Disconnect api module","stack":"Error: Disconnect api module\n    at Socket.socket.on (c:\\Repos\\auto-trading\\livecoin\\livecoin_api_adapter.js:86:20)\n    at Socket.Emitter.emit (c:\\Repos\\auto-trading\\node_modules\\component-emitter\\index.js:133:20)\n    at Socket.emit (c:\\Repos\\auto-trading\\node_modules\\socket.io-client\\lib\\socket.js:136:10)\n    at Socket.onclose (c:\\Repos\\auto-trading\\node_modules\\socket.io-client\\lib\\socket.js:209:8)\n    at Manager.<anonymous> (c:\\Repos\\auto-trading\\node_modules\\component-bind\\index.js:21:15)\n    at Manager.Emitter.emit (c:\\Repos\\auto-trading\\node_modules\\component-emitter\\index.js:133:20)\n    at Manager.onclose (c:\\Repos\\auto-trading\\node_modules\\socket.io-client\\lib\\manager.js:502:8)\n    at Socket.<anonymous> (c:\\Repos\\auto-trading\\node_modules\\component-bind\\index.js:21:15)\n    at Socket.Emitter.emit (c:\\Repos\\auto-trading\\node_modules\\component-emitter\\index.js:133:20)\n    at Socket.onClose (c:\\Repos\\auto-trading\\node_modules\\engine.io-client\\lib\\socket.js:720:10)"}
01.04.2018 13:54:06 [ERROR] Произошла ошибка в выполнении программы либо был обновлен список монет, модуль будет перезапущен: {"name":"Error","message":"Disconnect api module","stack":"Error: Disconnect api module\n    at Socket.socket.on (c:\\Repos\\auto-trading\\livecoin\\livecoin_api_adapter.js:86:20)\n    at Socket.Emitter.emit (c:\\Repos\\auto-trading\\node_modules\\component-emitter\\index.js:133:20)\n    at Socket.emit (c:\\Repos\\auto-trading\\node_modules\\socket.io-client\\lib\\socket.js:136:10)\n    at Socket.onclose (c:\\Repos\\auto-trading\\node_modules\\socket.io-client\\lib\\socket.js:209:8)\n    at Manager.<anonymous> (c:\\Repos\\auto-trading\\node_modules\\component-bind\\index.js:21:15)\n    at Manager.Emitter.emit (c:\\Repos\\auto-trading\\node_modules\\component-emitter\\index.js:133:20)\n    at Manager.onclose (c:\\Repos\\auto-trading\\node_modules\\socket.io-client\\lib\\manager.js:502:8)\n    at Socket.<anonymous> (c:\\Repos\\auto-trading\\node_modules\\component-bind\\index.js:21:15)\n    at Socket.Emitter.emit (c:\\Repos\\auto-trading\\node_modules\\component-emitter\\index.js:133:20)\n    at Socket.onClose (c:\\Repos\\auto-trading\\node_modules\\engine.io-client\\lib\\socket.js:720:10)"}
