07.04.2018 18.18.25 [WARN] Была включенна настройка остановки поиска и постановки задач
07.04.2018 18.18.41 Скачивание данных из базы заняло 1104
07.04.2018 18.18.41 Биржа livecoin успешно загруженна , время последней синхронизации 07.04.2018 18.18.39
07.04.2018 18.18.41 Биржа binance успешно загруженна , время последней синхронизации 07.04.2018 18.18.37
07.04.2018 18.18.41 Биржа exmo успешно загруженна , время последней синхронизации 07.04.2018 18.18.41
07.04.2018 18.18.47 Поиск маршрутов от NANO binance, в количестве 0 заняло 4ms
07.04.2018 18.18.47 Подсчет найденных маршрутов занял 0ms
07.04.2018 18.18.47 Не найденны маршруты с максимальным заработком
07.04.2018 18.18.47 Поиск маршрутов от USD exmo, в количестве 86 заняло 4ms
07.04.2018 18.18.47 Подсчет найденных маршрутов занял 162ms
07.04.2018 18.18.47 Не найденны маршруты с максимальным заработком
07.04.2018 18.18.49 Скачивание данных из базы заняло 885
07.04.2018 18.18.49 Биржа livecoin успешно загруженна , время последней синхронизации 07.04.2018 18.18.39
07.04.2018 18.18.49 Биржа binance успешно загруженна , время последней синхронизации 07.04.2018 18.18.37
07.04.2018 18.18.49 Биржа exmo успешно загруженна , время последней синхронизации 07.04.2018 18.18.48
07.04.2018 18.18.55 Поиск маршрутов от NANO binance, в количестве 0 заняло 1ms
07.04.2018 18.18.55 Подсчет найденных маршрутов занял 0ms
07.04.2018 18.18.55 Не найденны маршруты с максимальным заработком
07.04.2018 18.18.55 Поиск маршрутов от USD exmo, в количестве 86 заняло 3ms
07.04.2018 18.18.55 Подсчет найденных маршрутов занял 158ms
07.04.2018 18.18.55 Не найденны маршруты с максимальным заработком
07.04.2018 18.18.57 Скачивание данных из базы заняло 892
07.04.2018 18.18.57 Биржа livecoin успешно загруженна , время последней синхронизации 07.04.2018 18.18.39
07.04.2018 18.18.57 Биржа binance успешно загруженна , время последней синхронизации 07.04.2018 18.18.49
07.04.2018 18.18.57 Биржа exmo успешно загруженна , время последней синхронизации 07.04.2018 18.18.57
07.04.2018 18.19.03 Поиск маршрутов от NANO binance, в количестве 0 заняло 0ms
07.04.2018 18.19.03 Подсчет найденных маршрутов занял 0ms
07.04.2018 18.19.03 Не найденны маршруты с максимальным заработком
07.04.2018 18.19.03 Поиск маршрутов от USD exmo, в количестве 86 заняло 1ms
07.04.2018 18.19.03 Подсчет найденных маршрутов занял 121ms
07.04.2018 18.19.03 Не найденны маршруты с максимальным заработком
07.04.2018 18.19.05 Скачивание данных из базы заняло 772
07.04.2018 18.19.05 Биржа livecoin успешно загруженна , время последней синхронизации 07.04.2018 18.18.39
07.04.2018 18.19.05 Биржа binance успешно загруженна , время последней синхронизации 07.04.2018 18.19.02
07.04.2018 18.19.05 Биржа exmo успешно загруженна , время последней синхронизации 07.04.2018 18.19.04
07.04.2018 18.19.10 Поиск маршрутов от NANO binance, в количестве 0 заняло 0ms
07.04.2018 18.19.10 Подсчет найденных маршрутов занял 0ms
07.04.2018 18.19.10 Не найденны маршруты с максимальным заработком
07.04.2018 18.19.10 Поиск маршрутов от USD exmo, в количестве 86 заняло 1ms
07.04.2018 18.19.10 Подсчет найденных маршрутов занял 171ms
07.04.2018 18.19.10 Не найденны маршруты с максимальным заработком
07.04.2018 18.19.12 Скачивание данных из базы заняло 1265
07.04.2018 18.19.12 Биржа livecoin успешно загруженна , время последней синхронизации 07.04.2018 18.19.06
07.04.2018 18.19.12 Биржа binance успешно загруженна , время последней синхронизации 07.04.2018 18.19.02
07.04.2018 18.19.12 Биржа exmo успешно загруженна , время последней синхронизации 07.04.2018 18.19.11
07.04.2018 18.19.18 Поиск маршрутов от NANO binance, в количестве 0 заняло 1ms
07.04.2018 18.19.18 Подсчет найденных маршрутов занял 0ms
07.04.2018 18.19.18 Не найденны маршруты с максимальным заработком
07.04.2018 18.19.18 Поиск маршрутов от USD exmo, в количестве 86 заняло 1ms
07.04.2018 18.19.18 Подсчет найденных маршрутов занял 238ms
07.04.2018 18.19.18 Не найденны маршруты с максимальным заработком
07.04.2018 18.19.20 Скачивание данных из базы заняло 1133
07.04.2018 18.19.20 Биржа livecoin успешно загруженна , время последней синхронизации 07.04.2018 18.19.06
07.04.2018 18.19.20 Биржа binance успешно загруженна , время последней синхронизации 07.04.2018 18.19.14
07.04.2018 18.19.20 Биржа exmo успешно загруженна , время последней синхронизации 07.04.2018 18.19.19
07.04.2018 18.19.25 Поиск маршрутов от NANO binance, в количестве 0 заняло 1ms
07.04.2018 18.19.25 Подсчет найденных маршрутов занял 0ms
07.04.2018 18.19.25 Не найденны маршруты с максимальным заработком
07.04.2018 18.19.25 Поиск маршрутов от USD exmo, в количестве 86 заняло 4ms
07.04.2018 18.19.26 Подсчет найденных маршрутов занял 259ms
07.04.2018 18.19.26 Не найденны маршруты с максимальным заработком
07.04.2018 18.19.28 Скачивание данных из базы заняло 1168
07.04.2018 18.19.28 Биржа livecoin успешно загруженна , время последней синхронизации 07.04.2018 18.19.06
07.04.2018 18.19.28 Биржа binance успешно загруженна , время последней синхронизации 07.04.2018 18.19.27
07.04.2018 18.19.28 Биржа exmo успешно загруженна , время последней синхронизации 07.04.2018 18.19.27
07.04.2018 18.19.33 Поиск маршрутов от NANO binance, в количестве 0 заняло 1ms
07.04.2018 18.19.33 Подсчет найденных маршрутов занял 0ms
07.04.2018 18.19.33 Не найденны маршруты с максимальным заработком
07.04.2018 18.19.33 Поиск маршрутов от USD exmo, в количестве 86 заняло 2ms
07.04.2018 18.19.33 Подсчет найденных маршрутов занял 326ms
07.04.2018 18.19.33 Не найденны маршруты с максимальным заработком
07.04.2018 18.19.35 Скачивание данных из базы заняло 1026
07.04.2018 18.19.35 Биржа livecoin успешно загруженна , время последней синхронизации 07.04.2018 18.19.06
07.04.2018 18.19.35 Биржа binance успешно загруженна , время последней синхронизации 07.04.2018 18.19.27
07.04.2018 18.19.35 Биржа exmo успешно загруженна , время последней синхронизации 07.04.2018 18.19.35
07.04.2018 18.19.40 Поиск маршрутов от NANO binance, в количестве 0 заняло 1ms
07.04.2018 18.19.40 Подсчет найденных маршрутов занял 0ms
07.04.2018 18.19.40 Не найденны маршруты с максимальным заработком
07.04.2018 18.19.40 Поиск маршрутов от USD exmo, в количестве 86 заняло 1ms
07.04.2018 18.19.40 Подсчет найденных маршрутов занял 257ms
07.04.2018 18.19.40 Не найденны маршруты с максимальным заработком
07.04.2018 18.19.43 Скачивание данных из базы заняло 1258
07.04.2018 18.19.43 Биржа livecoin успешно загруженна , время последней синхронизации 07.04.2018 18.19.06
07.04.2018 18.19.43 Биржа binance успешно загруженна , время последней синхронизации 07.04.2018 18.19.40
07.04.2018 18.19.43 Биржа exmo успешно загруженна , время последней синхронизации 07.04.2018 18.19.42
07.04.2018 18.19.50 Поиск маршрутов от NANO binance, в количестве 0 заняло 0ms
07.04.2018 18.19.50 Подсчет найденных маршрутов занял 0ms
07.04.2018 18.20.18 Не найденны маршруты с максимальным заработком
07.04.2018 18.20.18 Поиск маршрутов от USD exmo, в количестве 86 заняло 1ms
07.04.2018 18.20.18 Подсчет найденных маршрутов занял 291ms
07.04.2018 18.20.20 Не найденны маршруты с максимальным заработком
07.04.2018 18.20.21 Скачивание данных из базы заняло 783
07.04.2018 18.20.21 Биржа livecoin успешно загруженна , время последней синхронизации 07.04.2018 18.20.11
07.04.2018 18.20.21 Биржа binance успешно загруженна , время последней синхронизации 07.04.2018 18.20.18
07.04.2018 18.20.21 Биржа exmo успешно загруженна , время последней синхронизации 07.04.2018 18.20.21
