07.04.2018 18.21.13 Скачивание данных из базы заняло 1063
07.04.2018 18.21.13 Биржа livecoin успешно загруженна , время последней синхронизации 07.04.2018 18.20.11
07.04.2018 18.21.13 Биржа binance успешно загруженна , время последней синхронизации 07.04.2018 18.21.08
07.04.2018 18.21.13 Биржа exmo успешно загруженна , время последней синхронизации 07.04.2018 18.21.12
07.04.2018 18.21.14 Поиск маршрутов от BTC livecoin, в количестве 54 заняло 8ms
07.04.2018 18.21.14 Подсчет найденных маршрутов занял 93ms
07.04.2018 18.21.14 Не найденны маршруты с максимальным заработком
07.04.2018 18.21.14 Поиск маршрутов от NANO binance, в количестве 0 заняло 4ms
07.04.2018 18.21.14 Подсчет найденных маршрутов занял 0ms
07.04.2018 18.21.14 Не найденны маршруты с максимальным заработком
07.04.2018 18.21.14 Поиск маршрутов от USD exmo, в количестве 86 заняло 2ms
07.04.2018 18.21.15 Подсчет найденных маршрутов занял 169ms
07.04.2018 18.21.15 Не найденны маршруты с максимальным заработком
07.04.2018 18.21.17 Скачивание данных из базы заняло 818
07.04.2018 18.21.17 Биржа livecoin успешно загруженна , время последней синхронизации 07.04.2018 18.20.11
07.04.2018 18.21.17 Биржа binance успешно загруженна , время последней синхронизации 07.04.2018 18.21.08
07.04.2018 18.21.17 Биржа exmo успешно загруженна , время последней синхронизации 07.04.2018 18.21.16
07.04.2018 18.21.18 Поиск маршрутов от BTC livecoin, в количестве 54 заняло 3ms
07.04.2018 18.21.18 Подсчет найденных маршрутов занял 61ms
07.04.2018 18.21.18 Не найденны маршруты с максимальным заработком
07.04.2018 18.21.18 Поиск маршрутов от NANO binance, в количестве 0 заняло 0ms
07.04.2018 18.21.18 Подсчет найденных маршрутов занял 0ms
07.04.2018 18.21.18 Не найденны маршруты с максимальным заработком
07.04.2018 18.21.18 Поиск маршрутов от USD exmo, в количестве 86 заняло 1ms
07.04.2018 18.21.18 Подсчет найденных маршрутов занял 130ms
07.04.2018 18.21.18 Не найденны маршруты с максимальным заработком
07.04.2018 18.21.22 Скачивание данных из базы заняло 2086
07.04.2018 18.21.22 Биржа livecoin успешно загруженна , время последней синхронизации 07.04.2018 18.20.11
07.04.2018 18.21.22 Биржа binance успешно загруженна , время последней синхронизации 07.04.2018 18.21.08
07.04.2018 18.21.22 Биржа exmo успешно загруженна , время последней синхронизации 07.04.2018 18.21.20
07.04.2018 18.21.24 Поиск маршрутов от BTC livecoin, в количестве 54 заняло 0ms
07.04.2018 18.21.24 Подсчет найденных маршрутов занял 58ms
07.04.2018 18.21.24 Не найденны маршруты с максимальным заработком
07.04.2018 18.21.24 Поиск маршрутов от NANO binance, в количестве 0 заняло 1ms
07.04.2018 18.21.24 Подсчет найденных маршрутов занял 0ms
07.04.2018 18.21.24 Не найденны маршруты с максимальным заработком
07.04.2018 18.21.24 Поиск маршрутов от USD exmo, в количестве 86 заняло 1ms
07.04.2018 18.21.24 Подсчет найденных маршрутов занял 117ms
07.04.2018 18.21.24 Не найденны маршруты с максимальным заработком
