11.04.2018 17.50.04 Скачивание данных из базы заняло 2469
11.04.2018 17.50.04 Биржа livecoin успешно загруженна , время последней синхронизации 11.04.2018 17.50.04
11.04.2018 17.50.04 Биржа binance успешно загруженна , время последней синхронизации 11.04.2018 17.50.02
11.04.2018 17.50.04 Биржа exmo успешно загруженна , время последней синхронизации 11.04.2018 17.50.03
11.04.2018 17.50.10 Поиск маршрутов от BTC livecoin, в количестве 2 заняло 1ms
11.04.2018 17.50.10 Подсчет найденных маршрутов занял 1ms
11.04.2018 17.50.10 Не найденны маршруты с максимальным заработком
11.04.2018 17.50.10 Поиск маршрутов от NANO binance, в количестве 0 заняло 2ms
11.04.2018 17.50.10 Подсчет найденных маршрутов занял 0ms
11.04.2018 17.50.10 Не найденны маршруты с максимальным заработком
11.04.2018 17.50.10 Поиск маршрутов от USD exmo, в количестве 44 заняло 4ms
11.04.2018 17.50.10 Подсчет найденных маршрутов занял 114ms
11.04.2018 17.50.10 Не найденны маршруты с максимальным заработком
11.04.2018 17.50.15 Скачивание данных из базы заняло 3402
11.04.2018 17.50.15 Биржа livecoin успешно загруженна , время последней синхронизации 11.04.2018 17.50.14
11.04.2018 17.50.15 Биржа binance успешно загруженна , время последней синхронизации 11.04.2018 17.50.02
11.04.2018 17.50.15 Биржа exmo успешно загруженна , время последней синхронизации 11.04.2018 17.50.14
11.04.2018 17.50.19 Поиск маршрутов от BTC livecoin, в количестве 2 заняло 1ms
11.04.2018 17.50.19 Подсчет найденных маршрутов занял 0ms
11.04.2018 17.50.19 Не найденны маршруты с максимальным заработком
11.04.2018 17.50.19 Поиск маршрутов от USD exmo, в количестве 44 заняло 0ms
11.04.2018 17.50.19 Подсчет найденных маршрутов занял 93ms
11.04.2018 17.50.19 Не найденны маршруты с максимальным заработком
11.04.2018 17.50.27 Скачивание данных из базы заняло 6962
11.04.2018 17.50.27 Биржа livecoin успешно загруженна , время последней синхронизации 11.04.2018 17.50.23
11.04.2018 17.50.27 Биржа binance успешно загруженна , время последней синхронизации 11.04.2018 17.50.02
11.04.2018 17.50.27 Биржа exmo успешно загруженна , время последней синхронизации 11.04.2018 17.50.23
11.04.2018 17.50.32 Поиск маршрутов от BTC livecoin, в количестве 2 заняло 0ms
11.04.2018 17.50.32 Подсчет найденных маршрутов занял 0ms
11.04.2018 17.50.32 Не найденны маршруты с максимальным заработком
11.04.2018 17.50.32 Поиск маршрутов от USD exmo, в количестве 44 заняло 4ms
11.04.2018 17.50.32 Подсчет найденных маршрутов занял 113ms
11.04.2018 17.50.32 Не найденны маршруты с максимальным заработком
11.04.2018 17.50.38 Скачивание данных из базы заняло 4384
11.04.2018 17.50.38 Биржа livecoin успешно загруженна , время последней синхронизации 11.04.2018 17.50.36
11.04.2018 17.50.38 Биржа binance успешно загруженна , время последней синхронизации 11.04.2018 17.50.34
11.04.2018 17.50.38 Биржа exmo успешно загруженна , время последней синхронизации 11.04.2018 17.50.35
