07.04.2018 19.55.03 Скачивание данных из базы заняло 1339
07.04.2018 19.55.03 Биржа livecoin успешно загруженна , время последней синхронизации 07.04.2018 19.54.50
07.04.2018 19.55.03 Биржа binance успешно загруженна , время последней синхронизации 07.04.2018 19.54.56
07.04.2018 19.55.03 Биржа exmo успешно загруженна , время последней синхронизации 07.04.2018 19.55.02
07.04.2018 19.55.05 Поиск маршрутов от BTC livecoin, в количестве 54 заняло 5ms
07.04.2018 19.55.05 Подсчет найденных маршрутов занял 255ms
07.04.2018 19.55.05 Не найденны маршруты с максимальным заработком
07.04.2018 19.55.05 Поиск маршрутов от NANO binance, в количестве 0 заняло 1ms
07.04.2018 19.55.05 Подсчет найденных маршрутов занял 0ms
07.04.2018 19.55.05 Не найденны маршруты с максимальным заработком
07.04.2018 19.55.05 Поиск маршрутов от USD exmo, в количестве 86 заняло 2ms
07.04.2018 19.55.06 Подсчет найденных маршрутов занял 301ms
07.04.2018 19.55.06 Не найденны маршруты с максимальным заработком
07.04.2018 19.55.08 Скачивание данных из базы заняло 1161
07.04.2018 19.55.08 Биржа livecoin успешно загруженна , время последней синхронизации 07.04.2018 19.55.04
07.04.2018 19.55.08 Биржа binance успешно загруженна , время последней синхронизации 07.04.2018 19.54.56
07.04.2018 19.55.08 Биржа exmo успешно загруженна , время последней синхронизации 07.04.2018 19.55.07
07.04.2018 19.55.09 Поиск маршрутов от BTC livecoin, в количестве 54 заняло 3ms
07.04.2018 19.55.10 Подсчет найденных маршрутов занял 256ms
07.04.2018 19.55.10 Не найденны маршруты с максимальным заработком
07.04.2018 19.55.10 Поиск маршрутов от NANO binance, в количестве 0 заняло 0ms
07.04.2018 19.55.10 Подсчет найденных маршрутов занял 0ms
07.04.2018 19.55.10 Не найденны маршруты с максимальным заработком
07.04.2018 19.55.10 Поиск маршрутов от USD exmo, в количестве 86 заняло 1ms
07.04.2018 19.55.10 Подсчет найденных маршрутов занял 235ms
07.04.2018 19.55.10 Не найденны маршруты с максимальным заработком
07.04.2018 19.55.12 Скачивание данных из базы заняло 1067
07.04.2018 19.55.12 Биржа livecoin успешно загруженна , время последней синхронизации 07.04.2018 19.55.04
07.04.2018 19.55.12 Биржа binance успешно загруженна , время последней синхронизации 07.04.2018 19.55.08
07.04.2018 19.55.12 Биржа exmo успешно загруженна , время последней синхронизации 07.04.2018 19.55.11
07.04.2018 19.55.14 Поиск маршрутов от BTC livecoin, в количестве 54 заняло 1ms
07.04.2018 19.55.14 Подсчет найденных маршрутов занял 219ms
07.04.2018 19.55.14 Не найденны маршруты с максимальным заработком
07.04.2018 19.55.14 Поиск маршрутов от NANO binance, в количестве 0 заняло 1ms
07.04.2018 19.55.14 Подсчет найденных маршрутов занял 0ms
07.04.2018 19.55.14 Не найденны маршруты с максимальным заработком
07.04.2018 19.55.14 Поиск маршрутов от USD exmo, в количестве 86 заняло 2ms
07.04.2018 19.55.14 Подсчет найденных маршрутов занял 249ms
07.04.2018 19.55.14 Не найденны маршруты с максимальным заработком
07.04.2018 19.55.16 Скачивание данных из базы заняло 1187
07.04.2018 19.55.16 Биржа livecoin успешно загруженна , время последней синхронизации 07.04.2018 19.55.04
07.04.2018 19.55.16 Биржа binance успешно загруженна , время последней синхронизации 07.04.2018 19.55.08
07.04.2018 19.55.16 Биржа exmo успешно загруженна , время последней синхронизации 07.04.2018 19.55.16
07.04.2018 19.55.18 Поиск маршрутов от BTC livecoin, в количестве 54 заняло 1ms
07.04.2018 19.55.18 Подсчет найденных маршрутов занял 219ms
07.04.2018 19.55.18 Не найденны маршруты с максимальным заработком
07.04.2018 19.55.18 Поиск маршрутов от NANO binance, в количестве 0 заняло 9ms
07.04.2018 19.55.18 Подсчет найденных маршрутов занял 0ms
07.04.2018 19.55.18 Не найденны маршруты с максимальным заработком
07.04.2018 19.55.18 Поиск маршрутов от USD exmo, в количестве 86 заняло 1ms
07.04.2018 19.55.19 Подсчет найденных маршрутов занял 239ms
07.04.2018 19.55.19 Не найденны маршруты с максимальным заработком
07.04.2018 19.55.21 Скачивание данных из базы заняло 1249
07.04.2018 19.55.21 Биржа livecoin успешно загруженна , время последней синхронизации 07.04.2018 19.55.18
07.04.2018 19.55.21 Биржа binance успешно загруженна , время последней синхронизации 07.04.2018 19.55.08
07.04.2018 19.55.21 Биржа exmo успешно загруженна , время последней синхронизации 07.04.2018 19.55.20
07.04.2018 19.55.22 Поиск маршрутов от BTC livecoin, в количестве 54 заняло 0ms
07.04.2018 19.55.23 Подсчет найденных маршрутов занял 232ms
07.04.2018 19.55.23 Не найденны маршруты с максимальным заработком
07.04.2018 19.55.23 Поиск маршрутов от NANO binance, в количестве 0 заняло 1ms
07.04.2018 19.55.23 Подсчет найденных маршрутов занял 0ms
07.04.2018 19.55.23 Не найденны маршруты с максимальным заработком
07.04.2018 19.55.23 Поиск маршрутов от USD exmo, в количестве 86 заняло 1ms
07.04.2018 19.55.23 Подсчет найденных маршрутов занял 256ms
07.04.2018 19.55.23 Не найденны маршруты с максимальным заработком
07.04.2018 19.55.25 Скачивание данных из базы заняло 1300
07.04.2018 19.55.25 Биржа livecoin успешно загруженна , время последней синхронизации 07.04.2018 19.55.18
07.04.2018 19.55.25 Биржа binance успешно загруженна , время последней синхронизации 07.04.2018 19.55.21
07.04.2018 19.55.25 Биржа exmo успешно загруженна , время последней синхронизации 07.04.2018 19.55.24
07.04.2018 19.55.28 Поиск маршрутов от BTC livecoin, в количестве 54 заняло 1ms
07.04.2018 19.55.28 Подсчет найденных маршрутов занял 207ms
07.04.2018 19.55.28 Не найденны маршруты с максимальным заработком
07.04.2018 19.55.28 Поиск маршрутов от NANO binance, в количестве 0 заняло 0ms
07.04.2018 19.55.28 Подсчет найденных маршрутов занял 0ms
07.04.2018 19.55.28 Не найденны маршруты с максимальным заработком
07.04.2018 19.55.28 Поиск маршрутов от USD exmo, в количестве 86 заняло 0ms
07.04.2018 19.55.29 Подсчет найденных маршрутов занял 238ms
07.04.2018 19.55.29 Не найденны маршруты с максимальным заработком
07.04.2018 19.55.31 Скачивание данных из базы заняло 1320
07.04.2018 19.55.31 Биржа livecoin успешно загруженна , время последней синхронизации 07.04.2018 19.55.18
07.04.2018 19.55.31 Биржа binance успешно загруженна , время последней синхронизации 07.04.2018 19.55.21
07.04.2018 19.55.31 Биржа exmo успешно загруженна , время последней синхронизации 07.04.2018 19.55.30
07.04.2018 19.55.33 Поиск маршрутов от BTC livecoin, в количестве 54 заняло 0ms
07.04.2018 19.55.33 Подсчет найденных маршрутов занял 217ms
07.04.2018 19.55.33 Не найденны маршруты с максимальным заработком
07.04.2018 19.55.33 Поиск маршрутов от NANO binance, в количестве 0 заняло 1ms
07.04.2018 19.55.33 Подсчет найденных маршрутов занял 0ms
07.04.2018 19.55.33 Не найденны маршруты с максимальным заработком
07.04.2018 19.55.33 Поиск маршрутов от USD exmo, в количестве 86 заняло 1ms
07.04.2018 19.55.33 Подсчет найденных маршрутов занял 241ms
07.04.2018 19.55.33 Не найденны маршруты с максимальным заработком
07.04.2018 19.55.35 Скачивание данных из базы заняло 1171
07.04.2018 19.55.35 Биржа livecoin успешно загруженна , время последней синхронизации 07.04.2018 19.55.32
07.04.2018 19.55.35 Биржа binance успешно загруженна , время последней синхронизации 07.04.2018 19.55.34
07.04.2018 19.55.35 Биржа exmo успешно загруженна , время последней синхронизации 07.04.2018 19.55.35
07.04.2018 19.55.37 Поиск маршрутов от BTC livecoin, в количестве 54 заняло 1ms
07.04.2018 19.55.38 Подсчет найденных маршрутов занял 265ms
07.04.2018 19.55.38 Не найденны маршруты с максимальным заработком
07.04.2018 19.55.38 Поиск маршрутов от NANO binance, в количестве 0 заняло 0ms
07.04.2018 19.55.38 Подсчет найденных маршрутов занял 0ms
07.04.2018 19.55.38 Не найденны маршруты с максимальным заработком
07.04.2018 19.55.38 Поиск маршрутов от USD exmo, в количестве 86 заняло 1ms
07.04.2018 19.55.38 Подсчет найденных маршрутов занял 251ms
07.04.2018 19.55.38 Не найденны маршруты с максимальным заработком
07.04.2018 19.55.40 Скачивание данных из базы заняло 1123
07.04.2018 19.55.40 Биржа livecoin успешно загруженна , время последней синхронизации 07.04.2018 19.55.32
07.04.2018 19.55.40 Биржа binance успешно загруженна , время последней синхронизации 07.04.2018 19.55.34
07.04.2018 19.55.40 Биржа exmo успешно загруженна , время последней синхронизации 07.04.2018 19.55.39
07.04.2018 19.55.42 Поиск маршрутов от BTC livecoin, в количестве 54 заняло 1ms
07.04.2018 19.55.42 Подсчет найденных маршрутов занял 222ms
07.04.2018 19.55.42 Не найденны маршруты с максимальным заработком
07.04.2018 19.55.42 Поиск маршрутов от NANO binance, в количестве 0 заняло 1ms
07.04.2018 19.55.42 Подсчет найденных маршрутов занял 0ms
07.04.2018 19.55.42 Не найденны маршруты с максимальным заработком
07.04.2018 19.55.42 Поиск маршрутов от USD exmo, в количестве 86 заняло 1ms
07.04.2018 19.55.43 Подсчет найденных маршрутов занял 269ms
07.04.2018 19.55.43 Не найденны маршруты с максимальным заработком
07.04.2018 19.55.45 Скачивание данных из базы заняло 1095
07.04.2018 19.55.45 Биржа livecoin успешно загруженна , время последней синхронизации 07.04.2018 19.55.32
07.04.2018 19.55.45 Биржа binance успешно загруженна , время последней синхронизации 07.04.2018 19.55.34
07.04.2018 19.55.45 Биржа exmo успешно загруженна , время последней синхронизации 07.04.2018 19.55.44
07.04.2018 19.55.47 Поиск маршрутов от BTC livecoin, в количестве 54 заняло 1ms
07.04.2018 19.55.47 Подсчет найденных маршрутов занял 296ms
07.04.2018 19.55.47 Не найденны маршруты с максимальным заработком
07.04.2018 19.55.47 Поиск маршрутов от NANO binance, в количестве 0 заняло 1ms
07.04.2018 19.55.47 Подсчет найденных маршрутов занял 0ms
07.04.2018 19.55.47 Не найденны маршруты с максимальным заработком
07.04.2018 19.55.47 Поиск маршрутов от USD exmo, в количестве 86 заняло 2ms
07.04.2018 19.55.47 Подсчет найденных маршрутов занял 295ms
07.04.2018 19.55.47 Не найденны маршруты с максимальным заработком
07.04.2018 19.55.50 Скачивание данных из базы заняло 1369
07.04.2018 19.55.50 Биржа livecoin успешно загруженна , время последней синхронизации 07.04.2018 19.55.46
07.04.2018 19.55.50 Биржа binance успешно загруженна , время последней синхронизации 07.04.2018 19.55.46
07.04.2018 19.55.50 Биржа exmo успешно загруженна , время последней синхронизации 07.04.2018 19.55.49
07.04.2018 19.55.52 Поиск маршрутов от BTC livecoin, в количестве 54 заняло 1ms
07.04.2018 19.55.52 Подсчет найденных маршрутов занял 241ms
07.04.2018 19.55.52 Не найденны маршруты с максимальным заработком
07.04.2018 19.55.52 Поиск маршрутов от NANO binance, в количестве 0 заняло 1ms
07.04.2018 19.55.52 Подсчет найденных маршрутов занял 0ms
07.04.2018 19.55.52 Не найденны маршруты с максимальным заработком
07.04.2018 19.55.52 Поиск маршрутов от USD exmo, в количестве 86 заняло 1ms
07.04.2018 19.55.52 Подсчет найденных маршрутов занял 241ms
07.04.2018 19.55.52 Не найденны маршруты с максимальным заработком
07.04.2018 19.55.55 Скачивание данных из базы заняло 1690
07.04.2018 19.55.55 Биржа livecoin успешно загруженна , время последней синхронизации 07.04.2018 19.55.46
07.04.2018 19.55.55 Биржа binance успешно загруженна , время последней синхронизации 07.04.2018 19.55.46
07.04.2018 19.55.55 Биржа exmo успешно загруженна , время последней синхронизации 07.04.2018 19.55.54
07.04.2018 19.55.57 Поиск маршрутов от BTC livecoin, в количестве 54 заняло 0ms
07.04.2018 19.55.58 Подсчет найденных маршрутов занял 252ms
07.04.2018 19.55.58 Не найденны маршруты с максимальным заработком
07.04.2018 19.55.58 Поиск маршрутов от NANO binance, в количестве 0 заняло 0ms
07.04.2018 19.55.58 Подсчет найденных маршрутов занял 0ms
07.04.2018 19.55.58 Не найденны маршруты с максимальным заработком
07.04.2018 19.55.58 Поиск маршрутов от USD exmo, в количестве 86 заняло 1ms
07.04.2018 19.55.58 Подсчет найденных маршрутов занял 328ms
07.04.2018 19.55.58 Не найденны маршруты с максимальным заработком
07.04.2018 19.56.01 Скачивание данных из базы заняло 1809
07.04.2018 19.56.01 Биржа livecoin успешно загруженна , время последней синхронизации 07.04.2018 19.55.46
07.04.2018 19.56.01 Биржа binance успешно загруженна , время последней синхронизации 07.04.2018 19.55.59
07.04.2018 19.56.01 Биржа exmo успешно загруженна , время последней синхронизации 07.04.2018 19.55.59
07.04.2018 19.56.03 Поиск маршрутов от BTC livecoin, в количестве 54 заняло 1ms
07.04.2018 19.56.03 Подсчет найденных маршрутов занял 222ms
07.04.2018 19.56.03 Не найденны маршруты с максимальным заработком
07.04.2018 19.56.03 Поиск маршрутов от NANO binance, в количестве 0 заняло 0ms
07.04.2018 19.56.03 Подсчет найденных маршрутов занял 0ms
07.04.2018 19.56.03 Не найденны маршруты с максимальным заработком
07.04.2018 19.56.03 Поиск маршрутов от USD exmo, в количестве 86 заняло 2ms
07.04.2018 19.56.03 Подсчет найденных маршрутов занял 289ms
07.04.2018 19.56.03 Не найденны маршруты с максимальным заработком
07.04.2018 19.56.05 Скачивание данных из базы заняло 1048
07.04.2018 19.56.05 Биржа livecoin успешно загруженна , время последней синхронизации 07.04.2018 19.56.00
07.04.2018 19.56.05 Биржа binance успешно загруженна , время последней синхронизации 07.04.2018 19.55.59
07.04.2018 19.56.05 Биржа exmo успешно загруженна , время последней синхронизации 07.04.2018 19.56.05
07.04.2018 19.56.07 Поиск маршрутов от BTC livecoin, в количестве 54 заняло 1ms
07.04.2018 19.56.07 Подсчет найденных маршрутов занял 219ms
07.04.2018 19.56.07 Не найденны маршруты с максимальным заработком
07.04.2018 19.56.07 Поиск маршрутов от NANO binance, в количестве 0 заняло 0ms
07.04.2018 19.56.07 Подсчет найденных маршрутов занял 0ms
07.04.2018 19.56.07 Не найденны маршруты с максимальным заработком
07.04.2018 19.56.07 Поиск маршрутов от USD exmo, в количестве 86 заняло 1ms
07.04.2018 19.56.08 Подсчет найденных маршрутов занял 262ms
07.04.2018 19.56.08 Не найденны маршруты с максимальным заработком
07.04.2018 19.56.10 Скачивание данных из базы заняло 1115
07.04.2018 19.56.10 Биржа livecoin успешно загруженна , время последней синхронизации 07.04.2018 19.56.00
07.04.2018 19.56.10 Биржа binance успешно загруженна , время последней синхронизации 07.04.2018 19.55.59
07.04.2018 19.56.10 Биржа exmo успешно загруженна , время последней синхронизации 07.04.2018 19.56.09
07.04.2018 19.56.11 Поиск маршрутов от BTC livecoin, в количестве 54 заняло 0ms
07.04.2018 19.56.11 Подсчет найденных маршрутов занял 268ms
07.04.2018 19.56.11 Не найденны маршруты с максимальным заработком
07.04.2018 19.56.11 Поиск маршрутов от NANO binance, в количестве 0 заняло 0ms
07.04.2018 19.56.11 Подсчет найденных маршрутов занял 0ms
07.04.2018 19.56.11 Не найденны маршруты с максимальным заработком
07.04.2018 19.56.11 Поиск маршрутов от USD exmo, в количестве 86 заняло 1ms
07.04.2018 19.56.12 Подсчет найденных маршрутов занял 290ms
07.04.2018 19.56.12 Не найденны маршруты с максимальным заработком
07.04.2018 19.56.14 Скачивание данных из базы заняло 1188
07.04.2018 19.56.14 Биржа livecoin успешно загруженна , время последней синхронизации 07.04.2018 19.56.00
07.04.2018 19.56.14 Биржа binance успешно загруженна , время последней синхронизации 07.04.2018 19.56.12
07.04.2018 19.56.14 Биржа exmo успешно загруженна , время последней синхронизации 07.04.2018 19.56.13
07.04.2018 19.56.16 Поиск маршрутов от BTC livecoin, в количестве 54 заняло 0ms
07.04.2018 19.56.16 Подсчет найденных маршрутов занял 258ms
07.04.2018 19.56.55 Не найденны маршруты с максимальным заработком
07.04.2018 19.56.55 Поиск маршрутов от NANO binance, в количестве 0 заняло 1ms
07.04.2018 19.56.55 Подсчет найденных маршрутов занял 0ms
07.04.2018 19.56.56 Не найденны маршруты с максимальным заработком
07.04.2018 19.56.56 Поиск маршрутов от USD exmo, в количестве 86 заняло 1ms
07.04.2018 19.56.56 Подсчет найденных маршрутов занял 337ms
07.04.2018 19.57.44 Не найденны маршруты с максимальным заработком
07.04.2018 19.57.47 Скачивание данных из базы заняло 1872
07.04.2018 19.57.47 Биржа livecoin успешно загруженна , время последней синхронизации 07.04.2018 19.57.36
07.04.2018 19.57.47 Биржа binance успешно загруженна , время последней синхронизации 07.04.2018 19.57.39
07.04.2018 19.57.47 Биржа exmo успешно загруженна , время последней синхронизации 07.04.2018 19.57.44
07.04.2018 19.57.49 Поиск маршрутов от BTC livecoin, в количестве 54 заняло 0ms
07.04.2018 19.57.49 Подсчет найденных маршрутов занял 286ms
07.04.2018 19.57.49 Не найденны маршруты с максимальным заработком
07.04.2018 19.57.49 Поиск маршрутов от NANO binance, в количестве 0 заняло 0ms
07.04.2018 19.57.49 Подсчет найденных маршрутов занял 0ms
07.04.2018 19.57.49 Не найденны маршруты с максимальным заработком
07.04.2018 19.57.49 Поиск маршрутов от USD exmo, в количестве 86 заняло 1ms
07.04.2018 19.57.49 Подсчет найденных маршрутов занял 322ms
07.04.2018 19.57.49 Не найденны маршруты с максимальным заработком
07.04.2018 19.57.56 Скачивание данных из базы заняло 5820
07.04.2018 19.57.56 Биржа livecoin успешно загруженна , время последней синхронизации 07.04.2018 19.57.49
07.04.2018 19.57.56 Биржа binance успешно загруженна , время последней синхронизации 07.04.2018 19.57.39
07.04.2018 19.57.56 Биржа exmo успешно загруженна , время последней синхронизации 07.04.2018 19.57.44
07.04.2018 19.57.59 Поиск маршрутов от BTC livecoin, в количестве 54 заняло 0ms
07.04.2018 19.57.59 Подсчет найденных маршрутов занял 268ms
07.04.2018 19.57.59 Не найденны маршруты с максимальным заработком
07.04.2018 19.57.59 Поиск маршрутов от NANO binance, в количестве 0 заняло 1ms
07.04.2018 19.57.59 Подсчет найденных маршрутов занял 1ms
07.04.2018 19.57.59 Не найденны маршруты с максимальным заработком
07.04.2018 19.57.59 Поиск маршрутов от USD exmo, в количестве 86 заняло 1ms
07.04.2018 19.58.00 Подсчет найденных маршрутов занял 325ms
07.04.2018 19.58.00 Не найденны маршруты с максимальным заработком
07.04.2018 19.58.02 Скачивание данных из базы заняло 1137
07.04.2018 19.58.02 Биржа livecoin успешно загруженна , время последней синхронизации 07.04.2018 19.57.49
07.04.2018 19.58.02 Биржа binance успешно загруженна , время последней синхронизации 07.04.2018 19.57.51
07.04.2018 19.58.02 Биржа exmo успешно загруженна , время последней синхронизации 07.04.2018 19.57.44
07.04.2018 19.58.03 Поиск маршрутов от BTC livecoin, в количестве 54 заняло 1ms
